2026-04-05 15:42:40,730 | Epoch 1/50 | Train Loss: 0.6820 | Test Loss: 0.7666 | Train Dice: 0.1174 | Test Dice: 0.0000
2026-04-05 15:42:49,677 | Epoch 2/50 | Train Loss: 0.5953 | Test Loss: 0.6599 | Train Dice: 0.1265 | Test Dice: 0.0005
2026-04-05 15:42:59,713 | Epoch 3/50 | Train Loss: 0.5488 | Test Loss: 0.6107 | Train Dice: 0.2397 | Test Dice: 0.1950
2026-04-05 15:43:09,999 | Epoch 4/50 | Train Loss: 0.5278 | Test Loss: 0.6019 | Train Dice: 0.3041 | Test Dice: 0.2174
2026-04-05 15:43:20,365 | Epoch 5/50 | Train Loss: 0.5091 | Test Loss: 0.5201 | Train Dice: 0.3502 | Test Dice: 0.3628
2026-04-05 15:43:30,782 | Epoch 6/50 | Train Loss: 0.4956 | Test Loss: 0.5230 | Train Dice: 0.3952 | Test Dice: 0.3343
2026-04-05 15:43:41,179 | Epoch 7/50 | Train Loss: 0.4852 | Test Loss: 0.5041 | Train Dice: 0.4041 | Test Dice: 0.4020
2026-04-05 15:43:51,606 | Epoch 8/50 | Train Loss: 0.4751 | Test Loss: 0.4754 | Train Dice: 0.4331 | Test Dice: 0.4712
2026-04-05 15:44:02,033 | Epoch 9/50 | Train Loss: 0.4703 | Test Loss: 0.4791 | Train Dice: 0.4276 | Test Dice: 0.3984
2026-04-05 15:44:12,530 | Epoch 10/50 | Train Loss: 0.4621 | Test Loss: 0.4629 | Train Dice: 0.4302 | Test Dice: 0.3264
2026-04-05 15:44:23,080 | Epoch 11/50 | Train Loss: 0.4545 | Test Loss: 0.4603 | Train Dice: 0.4433 | Test Dice: 0.4491
2026-04-05 15:44:33,623 | Epoch 12/50 | Train Loss: 0.4454 | Test Loss: 0.4736 | Train Dice: 0.4720 | Test Dice: 0.3943
2026-04-05 15:44:44,184 | Epoch 13/50 | Train Loss: 0.4392 | Test Loss: 0.4472 | Train Dice: 0.4672 | Test Dice: 0.4588
2026-04-05 15:44:54,737 | Epoch 14/50 | Train Loss: 0.4339 | Test Loss: 0.4512 | Train Dice: 0.4869 | Test Dice: 0.4441
2026-04-05 15:45:05,343 | Epoch 15/50 | Train Loss: 0.4272 | Test Loss: 0.4283 | Train Dice: 0.4783 | Test Dice: 0.4995
2026-04-05 15:45:16,004 | Epoch 16/50 | Train Loss: 0.4227 | Test Loss: 0.4362 | Train Dice: 0.4848 | Test Dice: 0.4210
2026-04-05 15:45:26,607 | Epoch 17/50 | Train Loss: 0.4195 | Test Loss: 0.4108 | Train Dice: 0.4747 | Test Dice: 0.4558
2026-04-05 15:45:37,223 | Epoch 18/50 | Train Loss: 0.4130 | Test Loss: 0.4187 | Train Dice: 0.4917 | Test Dice: 0.5177
2026-04-05 15:45:47,847 | Epoch 19/50 | Train Loss: 0.4073 | Test Loss: 0.4045 | Train Dice: 0.5078 | Test Dice: 0.5128
2026-04-05 15:45:58,532 | Epoch 20/50 | Train Loss: 0.4017 | Test Loss: 0.4007 | Train Dice: 0.5126 | Test Dice: 0.5120
2026-04-05 15:46:09,255 | Epoch 21/50 | Train Loss: 0.3960 | Test Loss: 0.3920 | Train Dice: 0.5167 | Test Dice: 0.5372
2026-04-05 15:46:19,989 | Epoch 22/50 | Train Loss: 0.3914 | Test Loss: 0.3952 | Train Dice: 0.5231 | Test Dice: 0.5308
2026-04-05 15:46:30,702 | Epoch 23/50 | Train Loss: 0.3873 | Test Loss: 0.3845 | Train Dice: 0.5328 | Test Dice: 0.5438
2026-04-05 15:46:41,441 | Epoch 24/50 | Train Loss: 0.3825 | Test Loss: 0.4067 | Train Dice: 0.5305 | Test Dice: 0.4405
2026-04-05 15:46:52,186 | Epoch 25/50 | Train Loss: 0.3780 | Test Loss: 0.3979 | Train Dice: 0.5391 | Test Dice: 0.4739
2026-04-05 15:47:02,929 | Epoch 26/50 | Train Loss: 0.3728 | Test Loss: 0.3720 | Train Dice: 0.5466 | Test Dice: 0.5236
2026-04-05 15:47:13,689 | Epoch 27/50 | Train Loss: 0.3694 | Test Loss: 0.3697 | Train Dice: 0.5473 | Test Dice: 0.5053
2026-04-05 15:47:24,425 | Epoch 28/50 | Train Loss: 0.3672 | Test Loss: 0.3868 | Train Dice: 0.5381 | Test Dice: 0.4747
2026-04-05 15:47:35,162 | Epoch 29/50 | Train Loss: 0.3610 | Test Loss: 0.3590 | Train Dice: 0.5566 | Test Dice: 0.5585
2026-04-05 15:47:45,905 | Epoch 30/50 | Train Loss: 0.3580 | Test Loss: 0.3724 | Train Dice: 0.5460 | Test Dice: 0.5042
2026-04-05 15:47:56,601 | Epoch 31/50 | Train Loss: 0.3543 | Test Loss: 0.3506 | Train Dice: 0.5520 | Test Dice: 0.5746
2026-04-05 15:48:07,311 | Epoch 32/50 | Train Loss: 0.3514 | Test Loss: 0.3561 | Train Dice: 0.5576 | Test Dice: 0.5368
2026-04-05 15:48:18,023 | Epoch 33/50 | Train Loss: 0.3465 | Test Loss: 0.3497 | Train Dice: 0.5717 | Test Dice: 0.5410
2026-04-05 15:48:28,762 | Epoch 34/50 | Train Loss: 0.3410 | Test Loss: 0.3427 | Train Dice: 0.5791 | Test Dice: 0.5942
2026-04-05 15:48:39,507 | Epoch 35/50 | Train Loss: 0.3394 | Test Loss: 0.3473 | Train Dice: 0.5775 | Test Dice: 0.5280
2026-04-05 15:48:50,263 | Epoch 36/50 | Train Loss: 0.3339 | Test Loss: 0.3444 | Train Dice: 0.5822 | Test Dice: 0.4834
2026-04-05 15:49:01,010 | Epoch 37/50 | Train Loss: 0.3318 | Test Loss: 0.3319 | Train Dice: 0.5733 | Test Dice: 0.5890
2026-04-05 15:49:11,767 | Epoch 38/50 | Train Loss: 0.3291 | Test Loss: 0.4327 | Train Dice: 0.5741 | Test Dice: 0.3182
2026-04-05 15:49:22,511 | Epoch 39/50 | Train Loss: 0.3253 | Test Loss: 0.3400 | Train Dice: 0.5792 | Test Dice: 0.4480
2026-04-05 15:49:33,254 | Epoch 40/50 | Train Loss: 0.3203 | Test Loss: 0.3325 | Train Dice: 0.5972 | Test Dice: 0.5749
2026-04-05 15:49:44,063 | Epoch 41/50 | Train Loss: 0.3179 | Test Loss: 0.3196 | Train Dice: 0.5979 | Test Dice: 0.5986
2026-04-05 15:49:54,825 | Epoch 42/50 | Train Loss: 0.3131 | Test Loss: 0.3159 | Train Dice: 0.6177 | Test Dice: 0.6173
2026-04-05 15:50:05,565 | Epoch 43/50 | Train Loss: 0.3112 | Test Loss: 0.3174 | Train Dice: 0.6249 | Test Dice: 0.5739
2026-04-05 15:50:16,309 | Epoch 44/50 | Train Loss: 0.3095 | Test Loss: 0.3140 | Train Dice: 0.6328 | Test Dice: 0.6340
2026-04-05 15:50:27,048 | Epoch 45/50 | Train Loss: 0.3075 | Test Loss: 0.3137 | Train Dice: 0.6317 | Test Dice: 0.6156
2026-04-05 15:50:37,881 | Epoch 46/50 | Train Loss: 0.3048 | Test Loss: 0.3108 | Train Dice: 0.6305 | Test Dice: 0.6227
2026-04-05 15:50:48,727 | Epoch 47/50 | Train Loss: 0.3047 | Test Loss: 0.3129 | Train Dice: 0.6301 | Test Dice: 0.5846
2026-04-05 15:50:59,510 | Epoch 48/50 | Train Loss: 0.3039 | Test Loss: 0.3130 | Train Dice: 0.6191 | Test Dice: 0.5839
2026-04-05 15:51:10,335 | Epoch 49/50 | Train Loss: 0.3020 | Test Loss: 0.3177 | Train Dice: 0.6209 | Test Dice: 0.5706
2026-04-05 15:51:21,121 | Epoch 50/50 | Train Loss: 0.2982 | Test Loss: 0.3049 | Train Dice: 0.6454 | Test Dice: 0.6474
2026-04-05 15:51:23,251 | Dice: 0.6002 | IoU: 0.4646 | Precision: 0.5481 | Recall: 0.7890
2026-04-05 15:51:23,251 | 
[FINAL] Dice: 0.6002
2026-04-05 15:54:40,371 | Starting training...

2026-04-09 15:22:56,660 | Starting training...

2026-04-09 15:23:06,440 | Epoch 1/15 | Train Loss: 0.7319 | Test Loss: 0.7277 | Train Dice: 0.0969 | Test Dice: 0.0000
2026-04-09 15:23:14,832 | Epoch 2/15 | Train Loss: 0.6179 | Test Loss: 0.6588 | Train Dice: 0.1056 | Test Dice: 0.0631
2026-04-09 15:23:23,316 | Epoch 3/15 | Train Loss: 0.5719 | Test Loss: 0.5949 | Train Dice: 0.1313 | Test Dice: 0.1411
2026-04-09 15:23:32,546 | Epoch 4/15 | Train Loss: 0.5470 | Test Loss: 0.5600 | Train Dice: 0.1833 | Test Dice: 0.2009
2026-04-09 15:23:42,590 | Epoch 5/15 | Train Loss: 0.5319 | Test Loss: 0.5607 | Train Dice: 0.2641 | Test Dice: 0.2862
2026-04-09 15:23:52,859 | Epoch 6/15 | Train Loss: 0.5277 | Test Loss: 0.5605 | Train Dice: 0.3296 | Test Dice: 0.3507
2026-04-09 15:24:03,232 | Epoch 7/15 | Train Loss: 0.5144 | Test Loss: 0.5420 | Train Dice: 0.3492 | Test Dice: 0.2914
2026-04-09 15:24:13,671 | Epoch 8/15 | Train Loss: 0.5008 | Test Loss: 0.5237 | Train Dice: 0.3885 | Test Dice: 0.4301
2026-04-09 15:24:24,169 | Epoch 9/15 | Train Loss: 0.4927 | Test Loss: 0.5075 | Train Dice: 0.4053 | Test Dice: 0.4356
2026-04-09 15:24:34,791 | Epoch 10/15 | Train Loss: 0.4825 | Test Loss: 0.4844 | Train Dice: 0.4223 | Test Dice: 0.4321
2026-04-09 15:24:45,780 | Epoch 11/15 | Train Loss: 0.4749 | Test Loss: 0.4822 | Train Dice: 0.4273 | Test Dice: 0.4417
2026-04-09 15:24:56,655 | Epoch 12/15 | Train Loss: 0.4697 | Test Loss: 0.4696 | Train Dice: 0.4306 | Test Dice: 0.4778
2026-04-09 15:25:07,544 | Epoch 13/15 | Train Loss: 0.4642 | Test Loss: 0.4631 | Train Dice: 0.4277 | Test Dice: 0.3997
2026-04-09 15:25:18,438 | Epoch 14/15 | Train Loss: 0.4552 | Test Loss: 0.4688 | Train Dice: 0.4537 | Test Dice: 0.4298
2026-04-09 15:25:29,437 | Epoch 15/15 | Train Loss: 0.4506 | Test Loss: 0.4469 | Train Dice: 0.4466 | Test Dice: 0.4809
2026-04-09 15:25:31,769 | Dice: 0.4905 | IoU: 0.3714 | Precision: 0.6078 | Recall: 0.5575
2026-04-09 15:25:31,769 | 
[FINAL] Dice: 0.4905
2026-04-09 15:29:26,997 | Starting training...

2026-04-09 15:33:18,160 | Starting training...

2026-04-09 15:33:26,856 | Epoch 1/15 | Train Loss: 0.6122 | Test Loss: 0.6969 | Train Dice: 0.1461 | Test Dice: 0.0000
2026-04-09 15:35:08,009 | Starting training...

2026-04-09 15:35:16,831 | Epoch 1/15 | Train Loss: 0.6499 | Test Loss: 0.6912 | Train Dice: 0.0657 | Test Dice: 0.0000
2026-04-09 15:36:02,389 | Starting training...

2026-04-09 15:36:11,291 | Epoch 01/15 | Train Loss: 0.6327 | Test Loss: 0.7036 | Train IoU: 0.0672 | Test IoU: 0.0000
2026-04-09 15:36:20,982 | Epoch 02/15 | Train Loss: 0.5562 | Test Loss: 0.6232 | Train IoU: 0.0966 | Test IoU: 0.0110
2026-04-09 15:36:31,255 | Epoch 03/15 | Train Loss: 0.5184 | Test Loss: 0.5747 | Train IoU: 0.1524 | Test IoU: 0.1010
2026-04-09 15:36:41,642 | Epoch 04/15 | Train Loss: 0.4947 | Test Loss: 0.5460 | Train IoU: 0.1779 | Test IoU: 0.1402
2026-04-09 15:36:52,134 | Epoch 05/15 | Train Loss: 0.4809 | Test Loss: 0.4850 | Train IoU: 0.1865 | Test IoU: 0.2041
2026-04-09 15:37:02,709 | Epoch 06/15 | Train Loss: 0.4679 | Test Loss: 0.4660 | Train IoU: 0.2030 | Test IoU: 0.2101
2026-04-09 15:37:13,398 | Epoch 07/15 | Train Loss: 0.4589 | Test Loss: 0.4491 | Train IoU: 0.2113 | Test IoU: 0.1746
2026-04-09 15:37:24,107 | Epoch 08/15 | Train Loss: 0.4504 | Test Loss: 0.4493 | Train IoU: 0.2173 | Test IoU: 0.2236
2026-04-09 15:37:34,970 | Epoch 09/15 | Train Loss: 0.4426 | Test Loss: 0.4377 | Train IoU: 0.2205 | Test IoU: 0.1783
2026-04-09 15:37:45,880 | Epoch 10/15 | Train Loss: 0.4373 | Test Loss: 0.4438 | Train IoU: 0.2240 | Test IoU: 0.2384
2026-04-09 15:37:56,944 | Epoch 11/15 | Train Loss: 0.4315 | Test Loss: 0.4245 | Train IoU: 0.2326 | Test IoU: 0.2341
2026-04-09 15:38:08,382 | Epoch 12/15 | Train Loss: 0.4250 | Test Loss: 0.4284 | Train IoU: 0.2399 | Test IoU: 0.2346
2026-04-09 15:38:19,906 | Epoch 13/15 | Train Loss: 0.4198 | Test Loss: 0.4197 | Train IoU: 0.2460 | Test IoU: 0.2414
2026-04-09 15:38:31,492 | Epoch 14/15 | Train Loss: 0.4153 | Test Loss: 0.4131 | Train IoU: 0.2457 | Test IoU: 0.2661
2026-04-09 15:38:43,154 | Epoch 15/15 | Train Loss: 0.4109 | Test Loss: 0.4432 | Train IoU: 0.2434 | Test IoU: 0.2050
2026-04-09 15:38:45,532 | Dice: 0.3733 | IoU: 0.2446 | Precision: 0.2678 | Recall: 0.8412
2026-04-09 15:38:45,532 | 
[FINAL] Dice: 0.3733
2026-04-09 15:39:44,856 | Starting training...

2026-04-09 15:39:55,609 | Epoch 01/20 | Train Loss: 0.6193 | Test Loss: 0.6504 | Train IoU: 0.0276 | Test IoU: 0.0000
2026-04-09 15:40:06,407 | Epoch 02/20 | Train Loss: 0.5094 | Test Loss: 0.5220 | Train IoU: 0.0045 | Test IoU: 0.0000
2026-04-09 15:40:17,351 | Epoch 03/20 | Train Loss: 0.4764 | Test Loss: 0.5271 | Train IoU: 0.0694 | Test IoU: 0.1347
2026-04-09 15:40:28,477 | Epoch 04/20 | Train Loss: 0.4582 | Test Loss: 0.4851 | Train IoU: 0.1167 | Test IoU: 0.1584
2026-04-09 15:40:39,803 | Epoch 05/20 | Train Loss: 0.4412 | Test Loss: 0.4396 | Train IoU: 0.1590 | Test IoU: 0.1878
2026-04-09 15:40:51,231 | Epoch 06/20 | Train Loss: 0.4292 | Test Loss: 0.4308 | Train IoU: 0.1827 | Test IoU: 0.1775
2026-04-09 15:41:02,723 | Epoch 07/20 | Train Loss: 0.4159 | Test Loss: 0.4271 | Train IoU: 0.1881 | Test IoU: 0.2054
2026-04-09 15:41:14,341 | Epoch 08/20 | Train Loss: 0.4042 | Test Loss: 0.3992 | Train IoU: 0.1954 | Test IoU: 0.1431
2026-04-09 15:41:26,064 | Epoch 09/20 | Train Loss: 0.3955 | Test Loss: 0.3894 | Train IoU: 0.1993 | Test IoU: 0.1457
2026-04-09 15:41:37,884 | Epoch 10/20 | Train Loss: 0.3855 | Test Loss: 0.3841 | Train IoU: 0.2087 | Test IoU: 0.1908
2026-04-09 15:41:50,033 | Epoch 11/20 | Train Loss: 0.3785 | Test Loss: 0.3783 | Train IoU: 0.2073 | Test IoU: 0.1816
2026-04-09 15:42:02,936 | Epoch 12/20 | Train Loss: 0.3677 | Test Loss: 0.3683 | Train IoU: 0.2171 | Test IoU: 0.1213
2026-04-09 15:42:15,756 | Epoch 13/20 | Train Loss: 0.3595 | Test Loss: 0.3549 | Train IoU: 0.2270 | Test IoU: 0.1940
2026-04-09 15:42:29,276 | Epoch 14/20 | Train Loss: 0.3514 | Test Loss: 0.3478 | Train IoU: 0.2289 | Test IoU: 0.2114
2026-04-09 15:42:42,805 | Epoch 15/20 | Train Loss: 0.3454 | Test Loss: 0.3403 | Train IoU: 0.2344 | Test IoU: 0.2497
2026-04-09 15:42:56,878 | Epoch 16/20 | Train Loss: 0.3381 | Test Loss: 0.3376 | Train IoU: 0.2386 | Test IoU: 0.2252
2026-04-09 15:43:11,304 | Epoch 17/20 | Train Loss: 0.3325 | Test Loss: 0.3318 | Train IoU: 0.2418 | Test IoU: 0.2048
2026-04-09 15:43:26,231 | Epoch 18/20 | Train Loss: 0.3278 | Test Loss: 0.3259 | Train IoU: 0.2442 | Test IoU: 0.2535
2026-04-09 15:43:41,260 | Epoch 19/20 | Train Loss: 0.3248 | Test Loss: 0.3237 | Train IoU: 0.2393 | Test IoU: 0.2067
2026-04-09 15:43:56,122 | Epoch 20/20 | Train Loss: 0.3169 | Test Loss: 0.3152 | Train IoU: 0.2539 | Test IoU: 0.2575
2026-04-09 15:43:58,612 | Dice: 0.5070 | IoU: 0.3901 | Precision: 0.6110 | Recall: 0.5923
2026-04-09 15:43:58,612 | 
[FINAL] Dice: 0.5070
2026-04-09 15:44:49,291 | Starting training...

2026-04-09 15:45:00,400 | Epoch 01/25 | Train Loss: 0.5831 | Test Loss: 0.6112 | Train IoU: 0.0474 | Test IoU: 0.0000
2026-04-09 15:45:11,570 | Epoch 02/25 | Train Loss: 0.4884 | Test Loss: 0.5495 | Train IoU: 0.0377 | Test IoU: 0.0141
2026-04-09 15:45:22,831 | Epoch 03/25 | Train Loss: 0.4571 | Test Loss: 0.4888 | Train IoU: 0.0455 | Test IoU: 0.0368
2026-04-09 15:45:34,357 | Epoch 04/25 | Train Loss: 0.4345 | Test Loss: 0.4339 | Train IoU: 0.0510 | Test IoU: 0.0303
2026-04-09 15:45:46,018 | Epoch 05/25 | Train Loss: 0.4215 | Test Loss: 0.4675 | Train IoU: 0.0633 | Test IoU: 0.0433
2026-04-09 15:45:58,040 | Epoch 06/25 | Train Loss: 0.4010 | Test Loss: 0.5954 | Train IoU: 0.0710 | Test IoU: 0.1082
2026-04-09 15:46:10,965 | Epoch 07/25 | Train Loss: 0.3858 | Test Loss: 0.3814 | Train IoU: 0.1162 | Test IoU: 0.1265
2026-04-09 15:46:25,112 | Epoch 08/25 | Train Loss: 0.3713 | Test Loss: 0.3732 | Train IoU: 0.1351 | Test IoU: 0.0802
2026-04-09 15:46:39,464 | Epoch 09/25 | Train Loss: 0.3587 | Test Loss: 0.4328 | Train IoU: 0.1751 | Test IoU: 0.1188
2026-04-09 15:46:54,549 | Epoch 10/25 | Train Loss: 0.3490 | Test Loss: 0.3421 | Train IoU: 0.1790 | Test IoU: 0.1586
2026-04-09 15:47:10,016 | Epoch 11/25 | Train Loss: 0.3359 | Test Loss: 0.4059 | Train IoU: 0.2092 | Test IoU: 0.1326
2026-04-09 15:47:25,127 | Epoch 12/25 | Train Loss: 0.3325 | Test Loss: 0.3337 | Train IoU: 0.1991 | Test IoU: 0.2108
2026-04-09 15:47:40,933 | Epoch 13/25 | Train Loss: 0.3201 | Test Loss: 0.3246 | Train IoU: 0.2234 | Test IoU: 0.1883
2026-04-09 15:47:57,533 | Epoch 14/25 | Train Loss: 0.3128 | Test Loss: 0.3104 | Train IoU: 0.2299 | Test IoU: 0.2401
2026-04-09 15:48:14,406 | Epoch 15/25 | Train Loss: 0.3106 | Test Loss: 0.3491 | Train IoU: 0.2241 | Test IoU: 0.2024
2026-04-09 15:48:31,914 | Starting training...

2026-04-09 15:48:45,877 | Epoch 01/25 | Train Loss: 0.6572 | Test Loss: 0.6711 | Train IoU: 0.0281 | Test IoU: 0.0000
2026-04-09 15:49:01,511 | Epoch 02/25 | Train Loss: 0.5511 | Test Loss: 0.5846 | Train IoU: 0.0018 | Test IoU: 0.0000
2026-04-09 15:49:17,235 | Epoch 03/25 | Train Loss: 0.5173 | Test Loss: 0.5296 | Train IoU: 0.0819 | Test IoU: 0.0570
2026-04-09 15:49:34,281 | Epoch 04/25 | Train Loss: 0.4951 | Test Loss: 0.5273 | Train IoU: 0.1533 | Test IoU: 0.1525
2026-04-09 15:49:51,537 | Epoch 05/25 | Train Loss: 0.4737 | Test Loss: 0.5153 | Train IoU: 0.1809 | Test IoU: 0.1559
2026-04-09 15:50:08,361 | Epoch 06/25 | Train Loss: 0.4559 | Test Loss: 0.4650 | Train IoU: 0.2035 | Test IoU: 0.2091
2026-04-09 15:50:26,664 | Epoch 07/25 | Train Loss: 0.4431 | Test Loss: 0.4430 | Train IoU: 0.1951 | Test IoU: 0.2045
2026-04-09 15:50:44,808 | Epoch 08/25 | Train Loss: 0.4303 | Test Loss: 0.4435 | Train IoU: 0.2105 | Test IoU: 0.2060
2026-04-09 15:51:02,900 | Epoch 09/25 | Train Loss: 0.4197 | Test Loss: 0.4096 | Train IoU: 0.2102 | Test IoU: 0.2019
2026-04-09 15:51:20,496 | Epoch 10/25 | Train Loss: 0.4036 | Test Loss: 0.3990 | Train IoU: 0.2227 | Test IoU: 0.2548
2026-04-09 15:51:39,066 | Epoch 11/25 | Train Loss: 0.3934 | Test Loss: 0.4031 | Train IoU: 0.2326 | Test IoU: 0.2318
2026-04-09 15:51:58,972 | Epoch 12/25 | Train Loss: 0.3852 | Test Loss: 0.3892 | Train IoU: 0.2286 | Test IoU: 0.2246
2026-04-09 15:52:17,736 | Epoch 13/25 | Train Loss: 0.3740 | Test Loss: 0.3735 | Train IoU: 0.2369 | Test IoU: 0.2482
2026-04-09 15:52:36,636 | Epoch 14/25 | Train Loss: 0.3638 | Test Loss: 0.3731 | Train IoU: 0.2489 | Test IoU: 0.2005
2026-04-09 15:52:55,720 | Epoch 15/25 | Train Loss: 0.3599 | Test Loss: 0.3566 | Train IoU: 0.2357 | Test IoU: 0.2604
2026-04-09 15:53:15,429 | Epoch 16/25 | Train Loss: 0.3498 | Test Loss: 0.3438 | Train IoU: 0.2507 | Test IoU: 0.2712
2026-04-09 15:53:35,076 | Epoch 17/25 | Train Loss: 0.3422 | Test Loss: 0.3479 | Train IoU: 0.2582 | Test IoU: 0.2570
2026-04-09 15:53:54,198 | Epoch 18/25 | Train Loss: 0.3354 | Test Loss: 0.3469 | Train IoU: 0.2560 | Test IoU: 0.2712
2026-04-09 15:54:14,529 | Epoch 19/25 | Train Loss: 0.3303 | Test Loss: 0.3458 | Train IoU: 0.2583 | Test IoU: 0.2426
2026-04-09 15:54:33,433 | Epoch 20/25 | Train Loss: 0.3231 | Test Loss: 0.3202 | Train IoU: 0.2682 | Test IoU: 0.2891
2026-04-09 15:54:52,893 | Epoch 21/25 | Train Loss: 0.3179 | Test Loss: 0.3160 | Train IoU: 0.2813 | Test IoU: 0.2896
2026-04-09 15:55:12,535 | Epoch 22/25 | Train Loss: 0.3157 | Test Loss: 0.3164 | Train IoU: 0.2827 | Test IoU: 0.2865
2026-04-09 15:55:31,327 | Epoch 23/25 | Train Loss: 0.3113 | Test Loss: 0.3171 | Train IoU: 0.2877 | Test IoU: 0.2889
2026-04-09 15:55:51,198 | Epoch 24/25 | Train Loss: 0.3103 | Test Loss: 0.3071 | Train IoU: 0.2849 | Test IoU: 0.2872
2026-04-09 15:56:10,130 | Epoch 25/25 | Train Loss: 0.3065 | Test Loss: 0.3121 | Train IoU: 0.2921 | Test IoU: 0.2771
2026-04-09 15:56:12,832 | Dice: 0.5605 | IoU: 0.4330 | Precision: 0.5711 | Recall: 0.7246
2026-04-09 15:56:12,832 | 
[FINAL] Dice: 0.5605
2026-04-09 15:59:00,935 | Starting training...

2026-04-09 15:59:11,184 | Epoch 01/25 | Train Loss: 0.6264 | Test Loss: 0.6907 | Train IoU: 0.0710 | Test IoU: 0.0000
2026-04-09 15:59:21,648 | Epoch 02/25 | Train Loss: 0.5345 | Test Loss: 0.5667 | Train IoU: 0.1056 | Test IoU: 0.0011
2026-04-09 15:59:32,894 | Epoch 03/25 | Train Loss: 0.4985 | Test Loss: 0.5249 | Train IoU: 0.1383 | Test IoU: 0.0943
2026-04-09 15:59:44,151 | Epoch 04/25 | Train Loss: 0.4747 | Test Loss: 0.4879 | Train IoU: 0.1711 | Test IoU: 0.1885
2026-04-09 15:59:55,390 | Epoch 05/25 | Train Loss: 0.4598 | Test Loss: 0.5235 | Train IoU: 0.1970 | Test IoU: 0.1397
2026-04-09 16:00:06,851 | Epoch 06/25 | Train Loss: 0.4470 | Test Loss: 0.4434 | Train IoU: 0.2031 | Test IoU: 0.2315
2026-04-09 16:00:18,331 | Epoch 07/25 | Train Loss: 0.4343 | Test Loss: 0.5008 | Train IoU: 0.2155 | Test IoU: 0.1506
2026-04-09 16:00:30,091 | Epoch 08/25 | Train Loss: 0.4251 | Test Loss: 0.4191 | Train IoU: 0.2183 | Test IoU: 0.1828
2026-04-09 16:00:41,901 | Epoch 09/25 | Train Loss: 0.4143 | Test Loss: 0.4047 | Train IoU: 0.2301 | Test IoU: 0.2205
2026-04-09 16:00:54,259 | Epoch 10/25 | Train Loss: 0.4057 | Test Loss: 0.4387 | Train IoU: 0.2277 | Test IoU: 0.1902
2026-04-09 16:01:07,728 | Epoch 11/25 | Train Loss: 0.3985 | Test Loss: 0.3971 | Train IoU: 0.2324 | Test IoU: 0.2341
2026-04-09 16:01:21,443 | Epoch 12/25 | Train Loss: 0.3900 | Test Loss: 0.3922 | Train IoU: 0.2362 | Test IoU: 0.2464
2026-04-09 16:01:35,624 | Epoch 13/25 | Train Loss: 0.3833 | Test Loss: 0.3806 | Train IoU: 0.2475 | Test IoU: 0.2445
2026-04-09 16:01:51,087 | Epoch 14/25 | Train Loss: 0.3756 | Test Loss: 0.3807 | Train IoU: 0.2416 | Test IoU: 0.2299
2026-04-09 16:02:06,578 | Epoch 15/25 | Train Loss: 0.3679 | Test Loss: 0.3768 | Train IoU: 0.2577 | Test IoU: 0.1978
2026-04-09 16:02:23,420 | Epoch 16/25 | Train Loss: 0.3645 | Test Loss: 0.3640 | Train IoU: 0.2497 | Test IoU: 0.2559
2026-04-09 16:02:39,274 | Epoch 17/25 | Train Loss: 0.3595 | Test Loss: 0.3611 | Train IoU: 0.2502 | Test IoU: 0.2734
2026-04-09 16:02:55,145 | Epoch 18/25 | Train Loss: 0.3528 | Test Loss: 0.3641 | Train IoU: 0.2595 | Test IoU: 0.2007
2026-04-09 16:03:12,258 | Epoch 19/25 | Train Loss: 0.3500 | Test Loss: 0.3434 | Train IoU: 0.2569 | Test IoU: 0.2580
2026-04-09 16:03:29,516 | Epoch 20/25 | Train Loss: 0.3437 | Test Loss: 0.3340 | Train IoU: 0.2635 | Test IoU: 0.2648
2026-04-09 16:03:46,991 | Epoch 21/25 | Train Loss: 0.3373 | Test Loss: 0.3364 | Train IoU: 0.2714 | Test IoU: 0.2737
2026-04-09 16:04:06,406 | Epoch 22/25 | Train Loss: 0.3318 | Test Loss: 0.3371 | Train IoU: 0.2732 | Test IoU: 0.2536
2026-04-09 16:04:26,261 | Epoch 23/25 | Train Loss: 0.3297 | Test Loss: 0.3431 | Train IoU: 0.2724 | Test IoU: 0.2625
2026-04-09 16:04:45,387 | Epoch 24/25 | Train Loss: 0.3240 | Test Loss: 0.3227 | Train IoU: 0.2794 | Test IoU: 0.2849
2026-04-09 16:05:03,699 | Epoch 25/25 | Train Loss: 0.3190 | Test Loss: 0.3236 | Train IoU: 0.2960 | Test IoU: 0.2474
2026-04-09 16:05:06,396 | Dice: 0.5276 | IoU: 0.4249 | Precision: 0.7905 | Recall: 0.5268
2026-04-09 16:05:06,396 | 
[FINAL] Dice: 0.5276
2026-04-09 21:43:13,842 | Starting training...

2026-04-09 21:43:22,607 | Epoch 01/25 | Train Loss: 0.7410 | Test Loss: 0.7447 | Train IoU: 0.0485 | Test IoU: 0.0000
2026-04-09 21:43:31,211 | Epoch 02/25 | Train Loss: 0.6235 | Test Loss: 0.6370 | Train IoU: 0.0687 | Test IoU: 0.0000
2026-04-09 21:43:40,104 | Epoch 03/25 | Train Loss: 0.5749 | Test Loss: 0.6008 | Train IoU: 0.0699 | Test IoU: 0.0698
2026-04-09 21:43:49,996 | Epoch 04/25 | Train Loss: 0.5538 | Test Loss: 0.5543 | Train IoU: 0.0859 | Test IoU: 0.0819
2026-04-09 21:44:00,290 | Epoch 05/25 | Train Loss: 0.5359 | Test Loss: 0.5590 | Train IoU: 0.0996 | Test IoU: 0.0890
2026-04-09 21:44:10,786 | Epoch 06/25 | Train Loss: 0.5176 | Test Loss: 0.5158 | Train IoU: 0.1357 | Test IoU: 0.1124
2026-04-09 21:44:21,490 | Epoch 07/25 | Train Loss: 0.5037 | Test Loss: 0.5291 | Train IoU: 0.1650 | Test IoU: 0.1978
2026-04-09 21:44:32,149 | Epoch 08/25 | Train Loss: 0.4917 | Test Loss: 0.5289 | Train IoU: 0.1876 | Test IoU: 0.1615
2026-04-09 21:44:42,877 | Epoch 09/25 | Train Loss: 0.4784 | Test Loss: 0.4745 | Train IoU: 0.2026 | Test IoU: 0.2058
2026-04-09 21:44:53,734 | Epoch 10/25 | Train Loss: 0.4650 | Test Loss: 0.4669 | Train IoU: 0.2108 | Test IoU: 0.2162
2026-04-09 21:45:04,670 | Epoch 11/25 | Train Loss: 0.4537 | Test Loss: 0.4568 | Train IoU: 0.2209 | Test IoU: 0.2211
2026-04-09 21:45:15,683 | Epoch 12/25 | Train Loss: 0.4434 | Test Loss: 0.5059 | Train IoU: 0.2242 | Test IoU: 0.1370
2026-04-09 21:45:26,646 | Epoch 13/25 | Train Loss: 0.4346 | Test Loss: 0.4363 | Train IoU: 0.2285 | Test IoU: 0.2416
2026-04-09 21:45:37,710 | Epoch 14/25 | Train Loss: 0.4274 | Test Loss: 0.4364 | Train IoU: 0.2280 | Test IoU: 0.2453
2026-04-09 21:45:48,838 | Epoch 15/25 | Train Loss: 0.4189 | Test Loss: 0.4157 | Train IoU: 0.2291 | Test IoU: 0.1879
2026-04-09 21:46:00,275 | Epoch 16/25 | Train Loss: 0.4094 | Test Loss: 0.4130 | Train IoU: 0.2427 | Test IoU: 0.1216
2026-04-09 21:46:12,158 | Epoch 17/25 | Train Loss: 0.4016 | Test Loss: 0.4109 | Train IoU: 0.2394 | Test IoU: 0.2578
2026-04-09 21:46:24,035 | Epoch 18/25 | Train Loss: 0.3965 | Test Loss: 0.4040 | Train IoU: 0.2446 | Test IoU: 0.2413
2026-04-09 21:46:35,961 | Epoch 19/25 | Train Loss: 0.3900 | Test Loss: 0.4038 | Train IoU: 0.2455 | Test IoU: 0.2329
2026-04-09 21:46:48,049 | Epoch 20/25 | Train Loss: 0.3836 | Test Loss: 0.4236 | Train IoU: 0.2441 | Test IoU: 0.1683
2026-04-09 21:47:00,075 | Epoch 21/25 | Train Loss: 0.3776 | Test Loss: 0.3818 | Train IoU: 0.2486 | Test IoU: 0.2812
2026-04-09 21:47:12,313 | Epoch 22/25 | Train Loss: 0.3697 | Test Loss: 0.3587 | Train IoU: 0.2544 | Test IoU: 0.2778
2026-04-09 21:47:24,695 | Epoch 23/25 | Train Loss: 0.3647 | Test Loss: 0.3581 | Train IoU: 0.2556 | Test IoU: 0.2677
2026-04-09 21:47:37,279 | Epoch 24/25 | Train Loss: 0.3608 | Test Loss: 0.3626 | Train IoU: 0.2566 | Test IoU: 0.2344
2026-04-09 21:47:50,544 | Epoch 25/25 | Train Loss: 0.3546 | Test Loss: 0.3584 | Train IoU: 0.2568 | Test IoU: 0.2243
2026-04-09 21:47:53,151 | Dice: 0.4980 | IoU: 0.3954 | Precision: 0.8251 | Recall: 0.4991
2026-04-09 21:47:53,151 | 
[FINAL] Dice: 0.4980
2026-04-09 21:55:18,540 | Starting training...

2026-04-09 21:55:31,575 | Starting training...

2026-04-09 21:55:49,696 | Epoch 01/25 | Train Loss: 0.5632 | Test Loss: 0.5301 | Train IoU: 0.1152 | Test IoU: 0.0033
2026-04-09 21:56:10,683 | Epoch 02/25 | Train Loss: 0.4778 | Test Loss: 0.5117 | Train IoU: 0.1755 | Test IoU: 0.1782
2026-04-09 21:56:32,714 | Epoch 03/25 | Train Loss: 0.4443 | Test Loss: 0.4350 | Train IoU: 0.2040 | Test IoU: 0.2286
2026-04-09 21:56:54,902 | Epoch 04/25 | Train Loss: 0.4201 | Test Loss: 0.4048 | Train IoU: 0.2210 | Test IoU: 0.2756
2026-04-09 21:57:17,241 | Epoch 05/25 | Train Loss: 0.4026 | Test Loss: 0.3960 | Train IoU: 0.2309 | Test IoU: 0.2471
2026-04-09 21:57:39,702 | Epoch 06/25 | Train Loss: 0.3880 | Test Loss: 0.3829 | Train IoU: 0.2429 | Test IoU: 0.2529
2026-04-09 21:58:03,114 | Epoch 07/25 | Train Loss: 0.3723 | Test Loss: 0.3842 | Train IoU: 0.2503 | Test IoU: 0.2317
2026-04-09 21:58:27,060 | Epoch 08/25 | Train Loss: 0.3618 | Test Loss: 0.3659 | Train IoU: 0.2526 | Test IoU: 0.2384
2026-04-09 21:58:51,154 | Epoch 09/25 | Train Loss: 0.3510 | Test Loss: 0.3426 | Train IoU: 0.2552 | Test IoU: 0.2545
2026-04-09 21:59:15,510 | Epoch 10/25 | Train Loss: 0.3387 | Test Loss: 0.3411 | Train IoU: 0.2673 | Test IoU: 0.2969
2026-04-09 21:59:40,255 | Epoch 11/25 | Train Loss: 0.3301 | Test Loss: 0.3366 | Train IoU: 0.2679 | Test IoU: 0.2432
2026-04-09 22:00:06,103 | Epoch 12/25 | Train Loss: 0.3229 | Test Loss: 0.3331 | Train IoU: 0.2681 | Test IoU: 0.2467
2026-04-09 22:00:33,110 | Epoch 13/25 | Train Loss: 0.3177 | Test Loss: 0.3400 | Train IoU: 0.2627 | Test IoU: 0.2421
2026-04-09 22:01:01,939 | Epoch 14/25 | Train Loss: 0.3071 | Test Loss: 0.3114 | Train IoU: 0.2838 | Test IoU: 0.2668
2026-04-09 22:01:30,478 | Epoch 15/25 | Train Loss: 0.3009 | Test Loss: 0.3062 | Train IoU: 0.2869 | Test IoU: 0.2901
2026-04-09 22:01:59,990 | Epoch 16/25 | Train Loss: 0.2934 | Test Loss: 0.3009 | Train IoU: 0.2955 | Test IoU: 0.2529
2026-04-09 22:02:30,454 | Epoch 17/25 | Train Loss: 0.2903 | Test Loss: 0.2989 | Train IoU: 0.2907 | Test IoU: 0.2474
2026-04-09 22:03:01,097 | Epoch 18/25 | Train Loss: 0.2857 | Test Loss: 0.2947 | Train IoU: 0.2917 | Test IoU: 0.2766
2026-04-09 22:03:32,275 | Epoch 19/25 | Train Loss: 0.2781 | Test Loss: 0.2748 | Train IoU: 0.2967 | Test IoU: 0.3220
2026-04-09 22:04:05,032 | Epoch 20/25 | Train Loss: 0.2739 | Test Loss: 0.3072 | Train IoU: 0.3067 | Test IoU: 0.2535
2026-04-09 22:04:37,295 | Epoch 21/25 | Train Loss: 0.2687 | Test Loss: 0.2810 | Train IoU: 0.3080 | Test IoU: 0.3130
2026-04-09 22:05:10,274 | Epoch 22/25 | Train Loss: 0.2646 | Test Loss: 0.2622 | Train IoU: 0.3154 | Test IoU: 0.3102
2026-04-09 22:05:42,123 | Epoch 23/25 | Train Loss: 0.2595 | Test Loss: 0.2630 | Train IoU: 0.3217 | Test IoU: 0.3077
2026-04-09 22:06:16,446 | Epoch 24/25 | Train Loss: 0.2616 | Test Loss: 0.2786 | Train IoU: 0.3033 | Test IoU: 0.2645
2026-04-09 22:06:49,416 | Epoch 25/25 | Train Loss: 0.2531 | Test Loss: 0.2536 | Train IoU: 0.3143 | Test IoU: 0.3294
2026-04-09 22:06:53,272 | Dice: 0.6693 | IoU: 0.5489 | Precision: 0.6627 | Recall: 0.7964
2026-04-09 22:06:53,272 | 
[FINAL] Dice: 0.6693
2026-04-10 01:43:52,784 | Starting training...

2026-04-10 01:44:14,042 | Epoch 01/25 | Train Loss: 0.6136 | Test Loss: 0.5709 | Train IoU: 0.0568 | Test IoU: 0.0000
2026-04-10 01:44:36,418 | Epoch 02/25 | Train Loss: 0.5158 | Test Loss: 0.5489 | Train IoU: 0.1453 | Test IoU: 0.0878
2026-04-10 01:44:58,833 | Epoch 03/25 | Train Loss: 0.4848 | Test Loss: 0.4821 | Train IoU: 0.1786 | Test IoU: 0.1758
2026-04-10 01:45:21,922 | Epoch 04/25 | Train Loss: 0.4623 | Test Loss: 0.4532 | Train IoU: 0.1931 | Test IoU: 0.0809
2026-04-10 01:45:46,074 | Epoch 05/25 | Train Loss: 0.4449 | Test Loss: 0.4366 | Train IoU: 0.1964 | Test IoU: 0.2316
2026-04-10 01:46:10,595 | Epoch 06/25 | Train Loss: 0.4228 | Test Loss: 0.4125 | Train IoU: 0.2211 | Test IoU: 0.2323
2026-04-10 01:46:35,347 | Epoch 07/25 | Train Loss: 0.4069 | Test Loss: 0.3942 | Train IoU: 0.2359 | Test IoU: 0.2431
2026-04-10 01:47:01,677 | Epoch 08/25 | Train Loss: 0.3936 | Test Loss: 0.3955 | Train IoU: 0.2445 | Test IoU: 0.2718
2026-04-10 01:47:29,389 | Epoch 09/25 | Train Loss: 0.3817 | Test Loss: 0.3703 | Train IoU: 0.2462 | Test IoU: 0.2700
2026-04-10 01:47:58,699 | Epoch 10/25 | Train Loss: 0.3700 | Test Loss: 0.3694 | Train IoU: 0.2617 | Test IoU: 0.2426
2026-04-10 01:48:29,113 | Epoch 11/25 | Train Loss: 0.3590 | Test Loss: 0.3599 | Train IoU: 0.2660 | Test IoU: 0.2779
2026-04-10 01:49:00,648 | Epoch 12/25 | Train Loss: 0.3507 | Test Loss: 0.3458 | Train IoU: 0.2703 | Test IoU: 0.2725
2026-04-10 01:49:33,265 | Epoch 13/25 | Train Loss: 0.3419 | Test Loss: 0.3508 | Train IoU: 0.2605 | Test IoU: 0.2274
2026-04-10 01:50:07,713 | Epoch 14/25 | Train Loss: 0.3343 | Test Loss: 0.3274 | Train IoU: 0.2632 | Test IoU: 0.2719
2026-04-10 01:50:43,532 | Epoch 15/25 | Train Loss: 0.3248 | Test Loss: 0.3216 | Train IoU: 0.2757 | Test IoU: 0.2846
2026-04-10 01:51:17,673 | Epoch 16/25 | Train Loss: 0.3166 | Test Loss: 0.3262 | Train IoU: 0.2809 | Test IoU: 0.1754
2026-04-10 01:51:54,363 | Epoch 17/25 | Train Loss: 0.3096 | Test Loss: 0.3108 | Train IoU: 0.2839 | Test IoU: 0.2833
2026-04-10 01:52:32,249 | Epoch 18/25 | Train Loss: 0.3037 | Test Loss: 0.3060 | Train IoU: 0.2886 | Test IoU: 0.3002
2026-04-10 01:53:10,038 | Epoch 19/25 | Train Loss: 0.2941 | Test Loss: 0.2977 | Train IoU: 0.2991 | Test IoU: 0.2700
2026-04-10 01:53:51,113 | Epoch 20/25 | Train Loss: 0.2874 | Test Loss: 0.2946 | Train IoU: 0.3050 | Test IoU: 0.3100
2026-04-10 01:54:31,042 | Epoch 21/25 | Train Loss: 0.2858 | Test Loss: 0.2884 | Train IoU: 0.2961 | Test IoU: 0.3010
2026-04-10 01:55:11,316 | Epoch 22/25 | Train Loss: 0.2833 | Test Loss: 0.2958 | Train IoU: 0.2963 | Test IoU: 0.2760
2026-04-10 01:55:56,452 | Epoch 23/25 | Train Loss: 0.2734 | Test Loss: 0.2698 | Train IoU: 0.3155 | Test IoU: 0.3269
2026-04-10 01:56:40,500 | Epoch 24/25 | Train Loss: 0.2716 | Test Loss: 0.2769 | Train IoU: 0.3130 | Test IoU: 0.2808
2026-04-10 01:57:23,350 | Epoch 25/25 | Train Loss: 0.2690 | Test Loss: 0.2646 | Train IoU: 0.3080 | Test IoU: 0.3110
2026-04-10 01:57:27,919 | Dice: 0.6203 | IoU: 0.5126 | Precision: 0.6931 | Recall: 0.6986
2026-04-10 01:57:27,919 | 
[FINAL] Dice: 0.6203
2026-04-10 16:22:59,972 | Starting training...

2026-04-10 16:23:17,794 | Epoch 01/10 | Train Loss: 0.6451 | Test Loss: 0.6016 | Train IoU: 0.0188 | Test IoU: 0.0000
2026-04-10 16:23:36,128 | Epoch 02/10 | Train Loss: 0.5435 | Test Loss: 0.5707 | Train IoU: 0.1176 | Test IoU: 0.1314
2026-04-10 16:23:57,876 | Epoch 03/10 | Train Loss: 0.5150 | Test Loss: 0.5074 | Train IoU: 0.1730 | Test IoU: 0.1597
2026-04-10 16:24:19,911 | Epoch 04/10 | Train Loss: 0.4854 | Test Loss: 0.4736 | Train IoU: 0.1955 | Test IoU: 0.1772
2026-04-10 16:24:42,142 | Epoch 05/10 | Train Loss: 0.4629 | Test Loss: 0.4574 | Train IoU: 0.2099 | Test IoU: 0.2090
2026-04-10 16:25:04,646 | Epoch 06/10 | Train Loss: 0.4438 | Test Loss: 0.4416 | Train IoU: 0.2163 | Test IoU: 0.2270
2026-04-10 16:25:27,178 | Epoch 07/10 | Train Loss: 0.4250 | Test Loss: 0.4239 | Train IoU: 0.2305 | Test IoU: 0.2305
2026-04-10 16:25:50,871 | Epoch 08/10 | Train Loss: 0.4092 | Test Loss: 0.4053 | Train IoU: 0.2418 | Test IoU: 0.2483
2026-04-10 16:26:15,016 | Epoch 09/10 | Train Loss: 0.3961 | Test Loss: 0.3912 | Train IoU: 0.2438 | Test IoU: 0.2396
2026-04-10 16:26:39,725 | Epoch 10/10 | Train Loss: 0.3830 | Test Loss: 0.3845 | Train IoU: 0.2574 | Test IoU: 0.2587
2026-04-10 16:26:43,483 | Dice: 0.5399 | IoU: 0.4178 | Precision: 0.5290 | Recall: 0.7309
2026-04-10 16:26:43,483 | 
[FINAL] Dice: 0.5399
2026-04-10 16:46:32,463 | Starting training...

2026-04-10 16:46:51,144 | Epoch 01/10 | Train Loss: 0.5738 | Test Loss: 0.5365 | Train IoU: 0.0738 | Test IoU: 0.0000
2026-04-10 16:49:47,504 | Starting training...

2026-04-10 16:50:06,103 | Epoch 01/10 | Train Loss: 0.6203 | Test Loss: 0.5683 | Train IoU: 0.0475 | Test IoU: 0.0000
2026-04-10 16:50:27,739 | Epoch 02/10 | Train Loss: 0.5120 | Test Loss: 0.5500 | Train IoU: 0.0646 | Test IoU: 0.1050
2026-04-10 16:50:49,967 | Epoch 03/10 | Train Loss: 0.4760 | Test Loss: 0.5471 | Train IoU: 0.1477 | Test IoU: 0.1312
2026-04-10 16:51:12,416 | Epoch 04/10 | Train Loss: 0.4506 | Test Loss: 0.4634 | Train IoU: 0.1699 | Test IoU: 0.1867
2026-04-10 16:51:35,153 | Epoch 05/10 | Train Loss: 0.4327 | Test Loss: 0.4285 | Train IoU: 0.1842 | Test IoU: 0.2042
2026-04-10 16:51:59,225 | Epoch 06/10 | Train Loss: 0.4116 | Test Loss: 0.4004 | Train IoU: 0.1990 | Test IoU: 0.2194
2026-04-10 16:52:23,417 | Epoch 07/10 | Train Loss: 0.3918 | Test Loss: 0.3873 | Train IoU: 0.2219 | Test IoU: 0.1749
2026-04-10 16:52:47,721 | Epoch 08/10 | Train Loss: 0.3795 | Test Loss: 0.3881 | Train IoU: 0.2292 | Test IoU: 0.2065
2026-04-10 16:53:12,333 | Epoch 09/10 | Train Loss: 0.3662 | Test Loss: 0.3611 | Train IoU: 0.2356 | Test IoU: 0.2467
2026-04-10 16:53:39,130 | Epoch 10/10 | Train Loss: 0.3555 | Test Loss: 0.3525 | Train IoU: 0.2342 | Test IoU: 0.1955
2026-04-10 16:53:42,827 | Dice: 0.4038 | IoU: 0.3191 | Precision: 0.8089 | Recall: 0.4224
2026-04-10 16:53:42,827 | 
[FINAL] Dice: 0.4038
2026-04-10 18:54:04,066 | Starting training...

2026-04-10 18:54:23,141 | Epoch 01/10 | Train Loss: 0.5282 | Test Loss: 0.5037 | Train IoU: 0.1052 | Test IoU: 0.0341
2026-04-10 18:54:44,858 | Epoch 02/10 | Train Loss: 0.4530 | Test Loss: 0.5520 | Train IoU: 0.1769 | Test IoU: 0.1140
2026-04-10 18:55:07,328 | Epoch 03/10 | Train Loss: 0.4245 | Test Loss: 0.4886 | Train IoU: 0.2017 | Test IoU: 0.1037
2026-04-10 18:55:30,016 | Epoch 04/10 | Train Loss: 0.4049 | Test Loss: 0.3897 | Train IoU: 0.2184 | Test IoU: 0.2517
2026-04-10 18:55:53,696 | Epoch 05/10 | Train Loss: 0.3890 | Test Loss: 0.3754 | Train IoU: 0.2246 | Test IoU: 0.2439
2026-04-10 18:56:18,179 | Epoch 06/10 | Train Loss: 0.3737 | Test Loss: 0.3674 | Train IoU: 0.2353 | Test IoU: 0.2500
2026-04-10 18:56:43,074 | Epoch 07/10 | Train Loss: 0.3602 | Test Loss: 0.4012 | Train IoU: 0.2468 | Test IoU: 0.1630
2026-04-10 18:57:10,148 | Epoch 08/10 | Train Loss: 0.3499 | Test Loss: 0.3519 | Train IoU: 0.2507 | Test IoU: 0.2255
2026-04-10 18:57:39,465 | Epoch 09/10 | Train Loss: 0.3376 | Test Loss: 0.3386 | Train IoU: 0.2595 | Test IoU: 0.2369
2026-04-10 18:58:10,801 | Epoch 10/10 | Train Loss: 0.3290 | Test Loss: 0.3271 | Train IoU: 0.2614 | Test IoU: 0.2489
2026-04-10 18:58:14,998 | Dice: 0.5420 | IoU: 0.4193 | Precision: 0.5178 | Recall: 0.7414
2026-04-10 18:58:14,999 | 
[FINAL] Dice: 0.5420
2026-04-10 18:59:08,346 | Starting training...

2026-04-10 18:59:32,690 | Epoch 01/20 | Train Loss: 0.7762 | Test Loss: 0.7504 | Train IoU: 0.0431 | Test IoU: 0.0184
2026-04-10 18:59:58,328 | Epoch 02/20 | Train Loss: 0.6880 | Test Loss: 0.7172 | Train IoU: 0.0666 | Test IoU: 0.0240
2026-04-10 19:00:30,659 | Epoch 03/20 | Train Loss: 0.6601 | Test Loss: 0.6485 | Train IoU: 0.1031 | Test IoU: 0.1023
2026-04-10 19:01:08,666 | Epoch 04/20 | Train Loss: 0.6380 | Test Loss: 0.6557 | Train IoU: 0.1635 | Test IoU: 0.1067
2026-04-10 19:01:48,525 | Epoch 05/20 | Train Loss: 0.6162 | Test Loss: 0.6233 | Train IoU: 0.1820 | Test IoU: 0.1550
2026-04-10 19:02:31,500 | Epoch 06/20 | Train Loss: 0.5994 | Test Loss: 0.5907 | Train IoU: 0.1975 | Test IoU: 0.2308
2026-04-10 19:03:15,416 | Epoch 07/20 | Train Loss: 0.5839 | Test Loss: 0.5741 | Train IoU: 0.2094 | Test IoU: 0.2640
2026-04-10 19:04:03,724 | Epoch 08/20 | Train Loss: 0.5692 | Test Loss: 0.5582 | Train IoU: 0.2228 | Test IoU: 0.2356
2026-04-10 19:04:52,063 | Epoch 09/20 | Train Loss: 0.5555 | Test Loss: 0.5827 | Train IoU: 0.2367 | Test IoU: 0.1372
2026-04-10 19:05:42,370 | Epoch 10/20 | Train Loss: 0.5435 | Test Loss: 0.5343 | Train IoU: 0.2388 | Test IoU: 0.2646
2026-04-10 19:06:33,323 | Epoch 11/20 | Train Loss: 0.5337 | Test Loss: 0.5210 | Train IoU: 0.2411 | Test IoU: 0.2716
2026-04-10 19:07:27,012 | Epoch 12/20 | Train Loss: 0.5243 | Test Loss: 0.5240 | Train IoU: 0.2478 | Test IoU: 0.1931
2026-04-10 19:08:21,067 | Epoch 13/20 | Train Loss: 0.5159 | Test Loss: 0.5088 | Train IoU: 0.2517 | Test IoU: 0.2451
2026-04-10 19:09:17,806 | Epoch 14/20 | Train Loss: 0.5076 | Test Loss: 0.5042 | Train IoU: 0.2512 | Test IoU: 0.2759
2026-04-10 19:10:14,667 | Epoch 15/20 | Train Loss: 0.4971 | Test Loss: 0.4987 | Train IoU: 0.2663 | Test IoU: 0.2703
2026-04-10 19:11:15,818 | Epoch 16/20 | Train Loss: 0.4915 | Test Loss: 0.4980 | Train IoU: 0.2673 | Test IoU: 0.2176
2026-04-10 19:12:22,990 | Epoch 17/20 | Train Loss: 0.4851 | Test Loss: 0.4867 | Train IoU: 0.2593 | Test IoU: 0.3049
2026-04-10 19:13:35,105 | Epoch 18/20 | Train Loss: 0.4748 | Test Loss: 0.4801 | Train IoU: 0.2802 | Test IoU: 0.2248
2026-04-10 19:14:40,992 | Epoch 19/20 | Train Loss: 0.4684 | Test Loss: 0.4775 | Train IoU: 0.2787 | Test IoU: 0.2479
2026-04-10 19:15:27,906 | Epoch 20/20 | Train Loss: 0.4630 | Test Loss: 0.4657 | Train IoU: 0.2807 | Test IoU: 0.2577
2026-04-10 19:15:32,075 | Dice: 0.5405 | IoU: 0.4123 | Precision: 0.5361 | Recall: 0.7835
2026-04-10 19:15:32,075 | 
[FINAL] Dice: 0.5405
2026-04-10 19:18:14,301 | Starting training...

2026-04-10 19:18:38,122 | Epoch 01/20 | Train Loss: 0.6587 | Test Loss: 0.6155 | Train IoU: 0.0479 | Test IoU: 0.0283
2026-04-10 19:19:02,688 | Epoch 02/20 | Train Loss: 0.5667 | Test Loss: 0.6356 | Train IoU: 0.1198 | Test IoU: 0.0471
2026-04-10 19:19:32,683 | Epoch 03/20 | Train Loss: 0.5366 | Test Loss: 0.5652 | Train IoU: 0.1479 | Test IoU: 0.1031
2026-04-10 19:20:14,902 | Epoch 04/20 | Train Loss: 0.5127 | Test Loss: 0.5033 | Train IoU: 0.1673 | Test IoU: 0.1785
2026-04-10 19:21:04,689 | Epoch 05/20 | Train Loss: 0.4960 | Test Loss: 0.5040 | Train IoU: 0.1724 | Test IoU: 0.2012
2026-04-10 19:22:05,994 | Epoch 06/20 | Train Loss: 0.4763 | Test Loss: 0.4909 | Train IoU: 0.1890 | Test IoU: 0.1420
2026-04-10 19:23:07,963 | Epoch 07/20 | Train Loss: 0.4567 | Test Loss: 0.4503 | Train IoU: 0.2061 | Test IoU: 0.2234
2026-04-10 19:24:09,385 | Epoch 08/20 | Train Loss: 0.4439 | Test Loss: 0.4583 | Train IoU: 0.2114 | Test IoU: 0.1600
2026-04-10 19:25:15,289 | Epoch 09/20 | Train Loss: 0.4287 | Test Loss: 0.4183 | Train IoU: 0.2241 | Test IoU: 0.2425
2026-04-10 19:25:48,351 | Starting training...

2026-04-10 19:26:15,132 | Epoch 01/10 | Train Loss: 0.6042 | Test Loss: 0.5782 | Train Dice: 0.1607 | Test Dice: 0.0942
2026-04-10 19:26:56,267 | Epoch 02/10 | Train Loss: 0.5137 | Test Loss: 0.4994 | Train Dice: 0.3148 | Test Dice: 0.3194
2026-04-10 19:27:32,464 | Epoch 03/10 | Train Loss: 0.4821 | Test Loss: 0.4725 | Train Dice: 0.3584 | Test Dice: 0.3106
2026-04-10 19:28:08,130 | Epoch 04/10 | Train Loss: 0.4537 | Test Loss: 0.4456 | Train Dice: 0.3979 | Test Dice: 0.3825
2026-04-10 19:28:44,660 | Epoch 05/10 | Train Loss: 0.4349 | Test Loss: 0.4267 | Train Dice: 0.4236 | Test Dice: 0.3949
2026-04-10 19:29:20,104 | Epoch 06/10 | Train Loss: 0.4165 | Test Loss: 0.4158 | Train Dice: 0.4419 | Test Dice: 0.3831
2026-04-10 19:29:57,504 | Epoch 07/10 | Train Loss: 0.3990 | Test Loss: 0.3982 | Train Dice: 0.4683 | Test Dice: 0.4714
2026-04-10 19:30:33,804 | Epoch 08/10 | Train Loss: 0.3870 | Test Loss: 0.3909 | Train Dice: 0.4668 | Test Dice: 0.4558
2026-04-10 19:31:11,088 | Epoch 09/10 | Train Loss: 0.3744 | Test Loss: 0.3640 | Train Dice: 0.4754 | Test Dice: 0.5190
2026-04-10 19:31:47,453 | Epoch 10/10 | Train Loss: 0.3615 | Test Loss: 0.4125 | Train Dice: 0.4880 | Test Dice: 0.2955
2026-04-10 19:31:51,337 | Dice: 0.3348 | IoU: 0.2163 | Precision: 0.2198 | Recall: 0.8767
2026-04-10 19:31:51,337 | 
[FINAL] Dice: 0.3348
2026-04-10 19:46:42,317 | Starting training...

2026-04-10 19:47:00,843 | Epoch 01/20 | Train Loss: 0.6654 | Test Loss: 0.6633 | Train Dice: 0.2299 | Test Dice: 0.0663
2026-04-10 19:47:19,825 | Epoch 02/20 | Train Loss: 0.5962 | Test Loss: 0.6117 | Train Dice: 0.3605 | Test Dice: 0.2755
2026-04-10 19:47:41,557 | Epoch 03/20 | Train Loss: 0.5674 | Test Loss: 0.5780 | Train Dice: 0.4080 | Test Dice: 0.3002
2026-04-10 19:48:03,587 | Epoch 04/20 | Train Loss: 0.5507 | Test Loss: 0.5430 | Train Dice: 0.4102 | Test Dice: 0.4576
2026-04-10 19:48:25,778 | Epoch 05/20 | Train Loss: 0.5269 | Test Loss: 0.5235 | Train Dice: 0.4679 | Test Dice: 0.4082
2026-04-10 19:48:48,080 | Epoch 06/20 | Train Loss: 0.5159 | Test Loss: 0.5383 | Train Dice: 0.4543 | Test Dice: 0.3883
2026-04-10 19:49:10,559 | Epoch 07/20 | Train Loss: 0.4959 | Test Loss: 0.4893 | Train Dice: 0.4886 | Test Dice: 0.5039
2026-04-10 19:49:34,083 | Epoch 08/20 | Train Loss: 0.4764 | Test Loss: 0.4605 | Train Dice: 0.5157 | Test Dice: 0.5121
2026-04-10 19:49:58,061 | Epoch 09/20 | Train Loss: 0.4657 | Test Loss: 0.4794 | Train Dice: 0.5147 | Test Dice: 0.4688
2026-04-10 19:50:22,165 | Epoch 10/20 | Train Loss: 0.4485 | Test Loss: 0.4612 | Train Dice: 0.5389 | Test Dice: 0.4472
2026-04-10 19:50:46,450 | Epoch 11/20 | Train Loss: 0.4382 | Test Loss: 0.4277 | Train Dice: 0.5246 | Test Dice: 0.5528
2026-04-10 19:51:10,980 | Epoch 12/20 | Train Loss: 0.4187 | Test Loss: 0.4622 | Train Dice: 0.5609 | Test Dice: 0.3980
2026-04-10 19:51:36,432 | Epoch 13/20 | Train Loss: 0.4071 | Test Loss: 0.4203 | Train Dice: 0.5609 | Test Dice: 0.4847
2026-04-10 19:52:03,813 | Epoch 14/20 | Train Loss: 0.4027 | Test Loss: 0.4132 | Train Dice: 0.5346 | Test Dice: 0.5025
2026-04-10 19:52:31,915 | Epoch 15/20 | Train Loss: 0.3806 | Test Loss: 0.3638 | Train Dice: 0.5738 | Test Dice: 0.5982
2026-04-10 19:53:00,625 | Epoch 16/20 | Train Loss: 0.3689 | Test Loss: 0.4348 | Train Dice: 0.5775 | Test Dice: 0.3746
2026-04-10 19:53:29,973 | Epoch 17/20 | Train Loss: 0.3486 | Test Loss: 0.3424 | Train Dice: 0.6039 | Test Dice: 0.5981
2026-04-10 19:54:00,297 | Epoch 18/20 | Train Loss: 0.3376 | Test Loss: 0.3531 | Train Dice: 0.6069 | Test Dice: 0.5676
2026-04-10 19:54:30,946 | Epoch 19/20 | Train Loss: 0.3230 | Test Loss: 0.3764 | Train Dice: 0.6198 | Test Dice: 0.4760
2026-04-10 19:55:02,668 | Epoch 20/20 | Train Loss: 0.3205 | Test Loss: 0.3315 | Train Dice: 0.6015 | Test Dice: 0.6128
2026-04-10 19:55:06,388 | Dice: 0.5984 | IoU: 0.4988 | Precision: 0.7100 | Recall: 0.6302
2026-04-10 19:55:06,389 | 
[FINAL] Dice: 0.5984
2026-04-10 20:35:15,105 | Starting training...

2026-04-10 20:35:35,420 | Starting training...

2026-04-10 20:35:47,731 | Starting training...

2026-04-10 20:36:02,448 | Starting training...

2026-04-10 20:36:23,005 | Epoch 01/40 | Train Loss: 0.7510 | Test Loss: 0.7385 | Train IoU: 0.0694 | Test IoU: 0.0373
2026-04-10 20:36:45,219 | Epoch 02/40 | Train Loss: 0.6835 | Test Loss: 0.6908 | Train IoU: 0.1299 | Test IoU: 0.0705
2026-04-10 20:37:08,016 | Epoch 03/40 | Train Loss: 0.6641 | Test Loss: 0.6703 | Train IoU: 0.1618 | Test IoU: 0.0778
2026-04-10 20:37:31,133 | Epoch 04/40 | Train Loss: 0.6464 | Test Loss: 0.6407 | Train IoU: 0.1936 | Test IoU: 0.1762
2026-04-10 20:37:55,250 | Epoch 05/40 | Train Loss: 0.6344 | Test Loss: 0.6363 | Train IoU: 0.1984 | Test IoU: 0.1192
2026-04-10 20:38:19,200 | Epoch 06/40 | Train Loss: 0.6221 | Test Loss: 0.6257 | Train IoU: 0.2150 | Test IoU: 0.1752
2026-04-10 20:38:43,259 | Epoch 07/40 | Train Loss: 0.6100 | Test Loss: 0.6072 | Train IoU: 0.2279 | Test IoU: 0.1983
2026-04-10 20:39:07,743 | Epoch 08/40 | Train Loss: 0.5994 | Test Loss: 0.6063 | Train IoU: 0.2367 | Test IoU: 0.1826
2026-04-10 20:39:32,925 | Epoch 09/40 | Train Loss: 0.5907 | Test Loss: 0.5867 | Train IoU: 0.2475 | Test IoU: 0.2534
2026-04-10 20:39:59,251 | Epoch 10/40 | Train Loss: 0.5843 | Test Loss: 0.5823 | Train IoU: 0.2440 | Test IoU: 0.2697
2026-04-10 20:40:26,270 | Epoch 11/40 | Train Loss: 0.5770 | Test Loss: 0.5756 | Train IoU: 0.2458 | Test IoU: 0.2290
2026-04-10 20:40:56,679 | Epoch 12/40 | Train Loss: 0.5682 | Test Loss: 0.5698 | Train IoU: 0.2476 | Test IoU: 0.2471
2026-04-10 20:41:32,723 | Epoch 13/40 | Train Loss: 0.5587 | Test Loss: 0.5612 | Train IoU: 0.2695 | Test IoU: 0.2401
2026-04-10 20:42:09,522 | Epoch 14/40 | Train Loss: 0.5517 | Test Loss: 0.5555 | Train IoU: 0.2687 | Test IoU: 0.2489
2026-04-10 20:42:47,172 | Epoch 15/40 | Train Loss: 0.5420 | Test Loss: 0.5423 | Train IoU: 0.2853 | Test IoU: 0.2922
2026-04-10 20:43:22,599 | Epoch 16/40 | Train Loss: 0.5354 | Test Loss: 0.5358 | Train IoU: 0.2896 | Test IoU: 0.2695
2026-04-10 20:43:58,710 | Epoch 17/40 | Train Loss: 0.5312 | Test Loss: 0.5358 | Train IoU: 0.2865 | Test IoU: 0.2639
2026-04-10 20:44:37,680 | Epoch 18/40 | Train Loss: 0.5264 | Test Loss: 0.5531 | Train IoU: 0.2828 | Test IoU: 0.1756
2026-04-10 20:45:17,830 | Epoch 19/40 | Train Loss: 0.5194 | Test Loss: 0.5159 | Train IoU: 0.2904 | Test IoU: 0.3019
2026-04-10 20:45:59,360 | Epoch 20/40 | Train Loss: 0.5128 | Test Loss: 0.5106 | Train IoU: 0.2965 | Test IoU: 0.3106
2026-04-10 20:46:43,919 | Epoch 21/40 | Train Loss: 0.5060 | Test Loss: 0.5043 | Train IoU: 0.3100 | Test IoU: 0.3008
2026-04-10 20:47:26,912 | Epoch 22/40 | Train Loss: 0.5020 | Test Loss: 0.4974 | Train IoU: 0.2982 | Test IoU: 0.3185
2026-04-10 20:48:07,141 | Epoch 23/40 | Train Loss: 0.4950 | Test Loss: 0.4967 | Train IoU: 0.3047 | Test IoU: 0.2894
2026-04-10 20:48:50,048 | Epoch 24/40 | Train Loss: 0.4895 | Test Loss: 0.5032 | Train IoU: 0.3034 | Test IoU: 0.2429
2026-04-10 20:49:35,379 | Epoch 25/40 | Train Loss: 0.4828 | Test Loss: 0.4828 | Train IoU: 0.3115 | Test IoU: 0.3213
2026-04-10 20:50:24,175 | Epoch 26/40 | Train Loss: 0.4767 | Test Loss: 0.4831 | Train IoU: 0.3186 | Test IoU: 0.2923
2026-04-10 20:51:08,596 | Epoch 27/40 | Train Loss: 0.4715 | Test Loss: 0.4728 | Train IoU: 0.3183 | Test IoU: 0.2997
2026-04-10 20:51:53,736 | Epoch 28/40 | Train Loss: 0.4648 | Test Loss: 0.4692 | Train IoU: 0.3230 | Test IoU: 0.3128
2026-04-10 20:52:38,798 | Epoch 29/40 | Train Loss: 0.4591 | Test Loss: 0.4920 | Train IoU: 0.3265 | Test IoU: 0.2370
2026-04-10 20:53:23,889 | Epoch 30/40 | Train Loss: 0.4556 | Test Loss: 0.4563 | Train IoU: 0.3229 | Test IoU: 0.3077
2026-04-10 20:54:10,010 | Epoch 31/40 | Train Loss: 0.4445 | Test Loss: 0.4543 | Train IoU: 0.3411 | Test IoU: 0.3101
2026-04-10 20:54:57,064 | Epoch 32/40 | Train Loss: 0.4416 | Test Loss: 0.4512 | Train IoU: 0.3370 | Test IoU: 0.3087
2026-04-10 20:55:43,767 | Epoch 33/40 | Train Loss: 0.4360 | Test Loss: 0.4476 | Train IoU: 0.3392 | Test IoU: 0.3139
2026-04-10 20:56:30,404 | Epoch 34/40 | Train Loss: 0.4352 | Test Loss: 0.4361 | Train IoU: 0.3309 | Test IoU: 0.3147
2026-04-10 20:57:30,245 | Epoch 35/40 | Train Loss: 0.4281 | Test Loss: 0.4346 | Train IoU: 0.3395 | Test IoU: 0.3199
2026-04-10 20:58:21,692 | Epoch 36/40 | Train Loss: 0.4257 | Test Loss: 0.4492 | Train IoU: 0.3351 | Test IoU: 0.2836
2026-04-10 20:59:10,423 | Epoch 37/40 | Train Loss: 0.4200 | Test Loss: 0.4205 | Train IoU: 0.3350 | Test IoU: 0.3369
2026-04-10 21:00:01,454 | Epoch 38/40 | Train Loss: 0.4117 | Test Loss: 0.4156 | Train IoU: 0.3495 | Test IoU: 0.3302
2026-04-10 21:00:52,616 | Epoch 39/40 | Train Loss: 0.4077 | Test Loss: 0.4170 | Train IoU: 0.3496 | Test IoU: 0.3342
2026-04-10 21:01:43,456 | Epoch 40/40 | Train Loss: 0.4037 | Test Loss: 0.4489 | Train IoU: 0.3490 | Test IoU: 0.2629
2026-04-10 21:01:48,307 | Dice: 0.5323 | IoU: 0.4291 | Precision: 0.5869 | Recall: 0.6203
2026-04-10 21:01:48,307 | 
[FINAL] Dice: 0.5323
